mode: set
github.com/pankaj-nikam/go_bookings/cmd/web/main.go:22.13,24.16 2 0
github.com/pankaj-nikam/go_bookings/cmd/web/main.go:28.2,36.16 4 0
github.com/pankaj-nikam/go_bookings/cmd/web/main.go:24.16,27.3 2 0
github.com/pankaj-nikam/go_bookings/cmd/web/main.go:39.18,56.16 11 1
github.com/pankaj-nikam/go_bookings/cmd/web/main.go:61.2,70.12 6 1
github.com/pankaj-nikam/go_bookings/cmd/web/main.go:56.16,59.3 2 0
github.com/pankaj-nikam/go_bookings/cmd/web/middleware.go:10.45,19.2 3 1
github.com/pankaj-nikam/go_bookings/cmd/web/middleware.go:22.50,24.2 1 1
github.com/pankaj-nikam/go_bookings/cmd/web/routes.go:12.49,36.2 18 1
